<?xml version="1.0" encoding="UTF-8"?>
<!-- Generated by org.testng.reporters.JUnitReportReporter -->
<testsuite hostname="DESKTOP-94JHGML" failures="0" tests="1" name="Testcases.RegistrationTest" time="34.476" errors="0" timestamp="2025-05-15T14:01:24 IST" skipped="0">
  <testcase classname="Testcases.RegistrationTest" name="registerUser" time="34.476"/>
</testsuite> <!-- Testcases.RegistrationTest -->
